<?xml version="1.0" encoding="UTF-8"?>
<!-- Generated by org.testng.reporters.JUnitReportReporter -->
<testsuite hostname="vishal" failures="0" tests="1" name="SeleniumAssignmentPrograms.POMLoginClient" time="8.863" errors="0" timestamp="2024-05-07T15:28:16 IST" skipped="0">
  <testcase classname="SeleniumAssignmentPrograms.POMLoginClient" name="login" time="8.863"/>
  <system-out/>
</testsuite> <!-- SeleniumAssignmentPrograms.POMLoginClient -->
